Using pre-set license

 COMMAND LINE ARGUMENTS:
/Applications/Unity/Unity.app/Contents/MacOS/Unity
-adb2
-batchMode
-noUpm
-name
AssetImportWorker0
-projectPath
/Users/viviandu/Desktop/Unity Projects/Project2
-logFile
Logs/AssetImportWorker0.log
-srvPort
58262
Successfully changed project path to: /Users/viviandu/Desktop/Unity Projects/Project2
/Users/viviandu/Desktop/Unity Projects/Project2
Using Asset Import Pipeline V2.
Refreshing native plugins compatible for Editor in 218.99 ms, found 2 plugins.
Preloading 0 native plugins for Editor in 0.00 ms.
Initialize engine version: 2021.1.7f1 (d91830b65d9b)
[Subsystems] Discovering subsystems at path /Applications/Unity/Unity.app/Contents/Resources/UnitySubsystems
[Subsystems] Discovering subsystems at path /Users/viviandu/Desktop/Unity Projects/Project2/Assets
GfxDevice: creating device client; threaded=0; jobified=0
2022-02-16 21:19:41.163 Unity[24407:1382120] Color LCD preferred device: Intel(R) UHD Graphics 617 (low power)
2022-02-16 21:19:41.163 Unity[24407:1382120] Metal devices available: 1
2022-02-16 21:19:41.163 Unity[24407:1382120] 0: Intel(R) UHD Graphics 617 (low power)
2022-02-16 21:19:41.164 Unity[24407:1382120] Using device Intel(R) UHD Graphics 617 (low power)
Initializing Metal device caps: Intel(R) UHD Graphics 617
Shader 'Universal Render Pipeline/Particles/Lit': fallback shader 'Universal Render Pipeline/Particles/SimpleLit' not found
Initialize mono
Mono path[0] = '/Applications/Unity/Unity.app/Contents/Managed'
Mono path[1] = '/Applications/Unity/Unity.app/Contents/MonoBleedingEdge/lib/mono/unityjit'
Mono config path = '/Applications/Unity/Unity.app/Contents/MonoBleedingEdge/etc'
Using monoOptions --debugger-agent=transport=dt_socket,embedding=1,server=y,suspend=n,address=127.0.0.1:56407
Begin MonoManager ReloadAssembly
Registering precompiled unity dll's ...
Register platform support module: /Applications/Unity/Unity.app/Contents/PlaybackEngines/MacStandaloneSupport/UnityEditor.OSXStandalone.Extensions.dll
Registered in 0.003738 seconds.
Native extension for OSXStandalone target not found
Refreshing native plugins compatible for Editor in 316.74 ms, found 2 plugins.
Preloading 0 native plugins for Editor in 0.00 ms.
Mono: successfully reloaded assembly
- Completed reload, in  8.222 seconds
Platform modules already initialized, skipping
Registering precompiled user dll's ...
Registered in 0.008461 seconds.
Begin MonoManager ReloadAssembly
Symbol file LoadedFromMemory doesn't match image /Users/viviandu/Desktop/Unity Projects/Project2/Library/PackageCache/com.unity.visualscripting@1.6.1/Editor/VisualScripting.Core/Dependencies/YamlDotNet/Unity.VisualScripting.YamlDotNet.dll
Symbol file LoadedFromMemory doesn't match image /Users/viviandu/Desktop/Unity Projects/Project2/Library/PackageCache/com.unity.visualscripting@1.6.1/Editor/VisualScripting.Core/Dependencies/DotNetZip/Unity.VisualScripting.IonicZip.dll
Native extension for OSXStandalone target not found
Refreshing native plugins compatible for Editor in 233.54 ms, found 2 plugins.
Preloading 0 native plugins for Editor in 0.00 ms.
Mono: successfully reloaded assembly
- Completed reload, in  2.969 seconds
Platform modules already initialized, skipping
========================================================================
Worker process is ready to serve import requests
Shader 'Universal Render Pipeline/Particles/Lit': fallback shader 'Universal Render Pipeline/Particles/SimpleLit' not found
Launching external process: /Applications/Unity/Unity.app/Contents/Tools/UnityShaderCompiler
Launched and connected shader compiler UnityShaderCompiler after 0.04 seconds
Refreshing native plugins compatible for Editor in 1.31 ms, found 2 plugins.
Preloading 0 native plugins for Editor in 0.00 ms.
Unloading 4661 Unused Serialized files (Serialized files now loaded: 0)
System memory in use before: 264.2 MB.
System memory in use after: 264.3 MB.

Unloading 41 unused Assets to reduce memory usage. Loaded Objects now: 5117.
Total: 4.708962 ms (FindLiveObjects: 0.451174 ms CreateObjectMapping: 0.329318 ms MarkObjects: 3.743259 ms  DeleteObjects: 0.183697 ms)

========================================================================
Received Import Request.
  path: Assets/Scripts/GameManager.cs
  artifactKey: Guid(7df06455a691b4ecdaad85171bf4d862) Importer(815301076,1909f56bfc062723c751e8b465ee728b)
Start importing Assets/Scripts/GameManager.cs using Guid(7df06455a691b4ecdaad85171bf4d862) Importer(815301076,1909f56bfc062723c751e8b465ee728b)  -> (artifact id: 'd61b4bc7cd1b01ecc08dd1b6e6fa1dba') in 0.719211 seconds 
========================================================================
Received Import Request.
  Time since last request: 0.000393 seconds.
  path: Assets/Tilemap/All.prefab
  artifactKey: Guid(c68c52c4ceb094f6989826473a05fd25) Importer(815301076,1909f56bfc062723c751e8b465ee728b)
Start importing Assets/Tilemap/All.prefab using Guid(c68c52c4ceb094f6989826473a05fd25) Importer(815301076,1909f56bfc062723c751e8b465ee728b)  -> (artifact id: 'e7a7810c6ae9fb9634cc33f6edb2777a') in 2.749932 seconds 
========================================================================
Received Import Request.
  Time since last request: 0.000472 seconds.
  path: Assets/Sprites/bat.png
  artifactKey: Guid(3de0fe2403d814132a4e1290f217f704) Importer(815301076,1909f56bfc062723c751e8b465ee728b)
Start importing Assets/Sprites/bat.png using Guid(3de0fe2403d814132a4e1290f217f704) Importer(815301076,1909f56bfc062723c751e8b465ee728b)  -> (artifact id: 'efd6211599f50362a33a10e5b5af83db') in 2.235408 seconds 
========================================================================
Received Import Request.
  Time since last request: 59.231593 seconds.
  path: Assets/Tilemap/Grass_Tile.asset
  artifactKey: Guid(ce5ab243825924c3aa6aa983a85bdd88) Importer(815301076,1909f56bfc062723c751e8b465ee728b)
Start importing Assets/Tilemap/Grass_Tile.asset using Guid(ce5ab243825924c3aa6aa983a85bdd88) Importer(815301076,1909f56bfc062723c751e8b465ee728b)  -> (artifact id: '12f2a7d35294b17bea46aa5367458785') in 0.961900 seconds 
========================================================================
Received Import Request.
  Time since last request: 74.135944 seconds.
  path: Assets/Prefabs/Button.prefab
  artifactKey: Guid(de5786f08e7d64a3482eea535342a402) Importer(815301076,1909f56bfc062723c751e8b465ee728b)
Start importing Assets/Prefabs/Button.prefab using Guid(de5786f08e7d64a3482eea535342a402) Importer(815301076,1909f56bfc062723c751e8b465ee728b)  -> (artifact id: 'f688b3a656f1411c985999a8a0399bea') in 0.129048 seconds 
========================================================================
Received Import Request.
  Time since last request: 0.001027 seconds.
  path: Assets/Prefabs/Door1.prefab
  artifactKey: Guid(77fba3f20de324d24ad5ad4e8ccb1290) Importer(815301076,1909f56bfc062723c751e8b465ee728b)
Start importing Assets/Prefabs/Door1.prefab using Guid(77fba3f20de324d24ad5ad4e8ccb1290) Importer(815301076,1909f56bfc062723c751e8b465ee728b)  -> (artifact id: 'ab06abf5e9e95c0934d85713b16bab47') in 0.029208 seconds 
========================================================================
Received Import Request.
  Time since last request: 0.000720 seconds.
  path: Assets/Prefabs/Firefly.prefab
  artifactKey: Guid(837abc936b15e4b1f9a62c8e6e6c294f) Importer(815301076,1909f56bfc062723c751e8b465ee728b)
Start importing Assets/Prefabs/Firefly.prefab using Guid(837abc936b15e4b1f9a62c8e6e6c294f) Importer(815301076,1909f56bfc062723c751e8b465ee728b)  -> (artifact id: 'd1e0670fd96a569a0eceb909094ae7f3') in 0.058339 seconds 
========================================================================
Received Import Request.
  Time since last request: 0.000358 seconds.
  path: Assets/Prefabs/Door2.prefab
  artifactKey: Guid(3f1cf8e15be274501b4aed7f2008d5df) Importer(815301076,1909f56bfc062723c751e8b465ee728b)
Start importing Assets/Prefabs/Door2.prefab using Guid(3f1cf8e15be274501b4aed7f2008d5df) Importer(815301076,1909f56bfc062723c751e8b465ee728b)  -> (artifact id: 'ac90ae53c3e83e1f1ccf75d6f2442380') in 0.040786 seconds 
========================================================================
Received Import Request.
  Time since last request: 0.000564 seconds.
  path: Assets/Prefabs/DudButton.prefab
  artifactKey: Guid(eeb0cc07d14d44bad8341a68b9ff9d41) Importer(815301076,1909f56bfc062723c751e8b465ee728b)
Start importing Assets/Prefabs/DudButton.prefab using Guid(eeb0cc07d14d44bad8341a68b9ff9d41) Importer(815301076,1909f56bfc062723c751e8b465ee728b)  -> (artifact id: '45428cb43c1632cb2a9eefa779742ff5') in 0.027483 seconds 
========================================================================
Received Import Request.
  Time since last request: 0.001212 seconds.
  path: Assets/Prefabs/Rock.prefab
  artifactKey: Guid(14e977ff5d3c549b285b5997412ab7ab) Importer(815301076,1909f56bfc062723c751e8b465ee728b)
Start importing Assets/Prefabs/Rock.prefab using Guid(14e977ff5d3c549b285b5997412ab7ab) Importer(815301076,1909f56bfc062723c751e8b465ee728b)  -> (artifact id: '08b4091faf812c08b3db1b03f88a5194') in 0.047929 seconds 
========================================================================
Received Import Request.
  Time since last request: 0.000379 seconds.
  path: Assets/Prefabs/Door3.prefab
  artifactKey: Guid(a8abc3d57fb0d496fbbb4d3b4d5fad95) Importer(815301076,1909f56bfc062723c751e8b465ee728b)
Start importing Assets/Prefabs/Door3.prefab using Guid(a8abc3d57fb0d496fbbb4d3b4d5fad95) Importer(815301076,1909f56bfc062723c751e8b465ee728b)  -> (artifact id: '5a210ddeb69690065a5a055b765fa268') in 0.031695 seconds 
========================================================================
Received Import Request.
  Time since last request: 2.829316 seconds.
  path: Assets/Prefabs/GameManager.prefab
  artifactKey: Guid(f8dc053b792474551ba3524b9a2edfc7) Importer(815301076,1909f56bfc062723c751e8b465ee728b)
Start importing Assets/Prefabs/GameManager.prefab using Guid(f8dc053b792474551ba3524b9a2edfc7) Importer(815301076,1909f56bfc062723c751e8b465ee728b)  -> (artifact id: '01bbbebc2d07257ea7dca12f0ac5b804') in 0.016217 seconds 
========================================================================
Received Prepare
Registering precompiled user dll's ...
Registered in 0.008874 seconds.
Begin MonoManager ReloadAssembly
Symbol file LoadedFromMemory doesn't match image /Users/viviandu/Desktop/Unity Projects/Project2/Library/PackageCache/com.unity.visualscripting@1.6.1/Editor/VisualScripting.Core/Dependencies/YamlDotNet/Unity.VisualScripting.YamlDotNet.dll
Symbol file LoadedFromMemory doesn't match image /Users/viviandu/Desktop/Unity Projects/Project2/Library/PackageCache/com.unity.visualscripting@1.6.1/Editor/VisualScripting.Core/Dependencies/DotNetZip/Unity.VisualScripting.IonicZip.dll
Native extension for OSXStandalone target not found
Refreshing native plugins compatible for Editor in 1.29 ms, found 2 plugins.
Preloading 0 native plugins for Editor in 0.00 ms.
Mono: successfully reloaded assembly
- Completed reload, in  2.634 seconds
Platform modules already initialized, skipping
Shader 'Universal Render Pipeline/Particles/Lit': fallback shader 'Universal Render Pipeline/Particles/SimpleLit' not found
Refreshing native plugins compatible for Editor in 1.39 ms, found 2 plugins.
Preloading 0 native plugins for Editor in 0.00 ms.
Unloading 4587 Unused Serialized files (Serialized files now loaded: 0)
System memory in use before: 280.1 MB.
System memory in use after: 280.2 MB.

Unloading 17 unused Assets to reduce memory usage. Loaded Objects now: 5159.
Total: 6.596057 ms (FindLiveObjects: 0.724174 ms CreateObjectMapping: 0.654376 ms MarkObjects: 5.053423 ms  DeleteObjects: 0.162294 ms)

========================================================================
Received Prepare
Registering precompiled user dll's ...
Registered in 0.008830 seconds.
Begin MonoManager ReloadAssembly
Symbol file LoadedFromMemory doesn't match image /Users/viviandu/Desktop/Unity Projects/Project2/Library/PackageCache/com.unity.visualscripting@1.6.1/Editor/VisualScripting.Core/Dependencies/YamlDotNet/Unity.VisualScripting.YamlDotNet.dll
Symbol file LoadedFromMemory doesn't match image /Users/viviandu/Desktop/Unity Projects/Project2/Library/PackageCache/com.unity.visualscripting@1.6.1/Editor/VisualScripting.Core/Dependencies/DotNetZip/Unity.VisualScripting.IonicZip.dll
Native extension for OSXStandalone target not found
Refreshing native plugins compatible for Editor in 2.36 ms, found 2 plugins.
Preloading 0 native plugins for Editor in 0.00 ms.
Mono: successfully reloaded assembly
- Completed reload, in  2.415 seconds
Platform modules already initialized, skipping
Shader 'Universal Render Pipeline/Particles/Lit': fallback shader 'Universal Render Pipeline/Particles/SimpleLit' not found
Refreshing native plugins compatible for Editor in 1.12 ms, found 2 plugins.
Preloading 0 native plugins for Editor in 0.00 ms.
Unloading 4586 Unused Serialized files (Serialized files now loaded: 0)
System memory in use before: 280.4 MB.
System memory in use after: 280.6 MB.

Unloading 17 unused Assets to reduce memory usage. Loaded Objects now: 5175.
Total: 4.326172 ms (FindLiveObjects: 0.425783 ms CreateObjectMapping: 0.303434 ms MarkObjects: 3.461099 ms  DeleteObjects: 0.134731 ms)

========================================================================
Received Import Request.
  Time since last request: 217.637605 seconds.
  path: Assets/Scenes/StartMenu.unity
  artifactKey: Guid(1e245267de9904fa380202160cf71e73) Importer(815301076,1909f56bfc062723c751e8b465ee728b)
Start importing Assets/Scenes/StartMenu.unity using Guid(1e245267de9904fa380202160cf71e73) Importer(815301076,1909f56bfc062723c751e8b465ee728b)  -> (artifact id: 'bff70aad97b15e93d55f91d040029cc8') in 0.085757 seconds 
========================================================================
Received Import Request.
  Time since last request: 141.026044 seconds.
  path: Assets/Scenes/EndCutscene.unity
  artifactKey: Guid(29fba0685fc894a088b8cee2cf852e03) Importer(815301076,1909f56bfc062723c751e8b465ee728b)
Start importing Assets/Scenes/EndCutscene.unity using Guid(29fba0685fc894a088b8cee2cf852e03) Importer(815301076,1909f56bfc062723c751e8b465ee728b)  -> (artifact id: '43682db3fe8a39cc7a5597f327286ea1') in 0.009274 seconds 
========================================================================
Received Prepare
Registering precompiled user dll's ...
Registered in 0.011301 seconds.
Begin MonoManager ReloadAssembly
Symbol file LoadedFromMemory doesn't match image /Users/viviandu/Desktop/Unity Projects/Project2/Library/PackageCache/com.unity.visualscripting@1.6.1/Editor/VisualScripting.Core/Dependencies/YamlDotNet/Unity.VisualScripting.YamlDotNet.dll
Symbol file LoadedFromMemory doesn't match image /Users/viviandu/Desktop/Unity Projects/Project2/Library/PackageCache/com.unity.visualscripting@1.6.1/Editor/VisualScripting.Core/Dependencies/DotNetZip/Unity.VisualScripting.IonicZip.dll
Native extension for OSXStandalone target not found
Refreshing native plugins compatible for Editor in 1.12 ms, found 2 plugins.
Preloading 0 native plugins for Editor in 0.00 ms.
Mono: successfully reloaded assembly
- Completed reload, in  4.234 seconds
Platform modules already initialized, skipping
Shader 'Universal Render Pipeline/Particles/Lit': fallback shader 'Universal Render Pipeline/Particles/SimpleLit' not found
Refreshing native plugins compatible for Editor in 1.66 ms, found 2 plugins.
Preloading 0 native plugins for Editor in 0.00 ms.
Unloading 4586 Unused Serialized files (Serialized files now loaded: 0)
System memory in use before: 280.9 MB.
System memory in use after: 281.1 MB.

Unloading 17 unused Assets to reduce memory usage. Loaded Objects now: 5191.
Total: 4.613786 ms (FindLiveObjects: 0.512389 ms CreateObjectMapping: 0.375015 ms MarkObjects: 3.553548 ms  DeleteObjects: 0.171208 ms)

========================================================================
Received Import Request.
  Time since last request: 54.083272 seconds.
  path: Assets/Scenes/Test.unity
  artifactKey: Guid(226898289f4ae46489936ebf27c75f19) Importer(815301076,1909f56bfc062723c751e8b465ee728b)
Start importing Assets/Scenes/Test.unity using Guid(226898289f4ae46489936ebf27c75f19) Importer(815301076,1909f56bfc062723c751e8b465ee728b)  -> (artifact id: 'c9ce06e08e6c3c5d8ca592d1c2dfbde8') in 0.043254 seconds 
========================================================================
Received Import Request.
  Time since last request: 212.686251 seconds.
  path: Assets/Sprites/Door.png
  artifactKey: Guid(8f06069157625455fb06d5218750ca40) Importer(815301076,1909f56bfc062723c751e8b465ee728b)
Start importing Assets/Sprites/Door.png using Guid(8f06069157625455fb06d5218750ca40) Importer(815301076,1909f56bfc062723c751e8b465ee728b)  -> (artifact id: '7b99be7178c4f8637b712f1d351cc8a6') in 0.574223 seconds 
========================================================================
Received Import Request.
  Time since last request: 119.901681 seconds.
  path: Assets/Sprites/bat.png
  artifactKey: Guid(3de0fe2403d814132a4e1290f217f704) Importer(815301076,1909f56bfc062723c751e8b465ee728b)
Start importing Assets/Sprites/bat.png using Guid(3de0fe2403d814132a4e1290f217f704) Importer(815301076,1909f56bfc062723c751e8b465ee728b)  -> (artifact id: 'b5dbeb9043c09757a34a6bdb260a6e21') in 0.044064 seconds 
========================================================================
Received Prepare
Registering precompiled user dll's ...
Registered in 0.010417 seconds.
Begin MonoManager ReloadAssembly
Symbol file LoadedFromMemory doesn't match image /Users/viviandu/Desktop/Unity Projects/Project2/Library/PackageCache/com.unity.visualscripting@1.6.1/Editor/VisualScripting.Core/Dependencies/YamlDotNet/Unity.VisualScripting.YamlDotNet.dll
Symbol file LoadedFromMemory doesn't match image /Users/viviandu/Desktop/Unity Projects/Project2/Library/PackageCache/com.unity.visualscripting@1.6.1/Editor/VisualScripting.Core/Dependencies/DotNetZip/Unity.VisualScripting.IonicZip.dll
Native extension for OSXStandalone target not found
Refreshing native plugins compatible for Editor in 1.39 ms, found 2 plugins.
Preloading 0 native plugins for Editor in 0.00 ms.
Mono: successfully reloaded assembly
- Completed reload, in  3.786 seconds
Platform modules already initialized, skipping
Shader 'Universal Render Pipeline/Particles/Lit': fallback shader 'Universal Render Pipeline/Particles/SimpleLit' not found
Refreshing native plugins compatible for Editor in 2.00 ms, found 2 plugins.
Preloading 0 native plugins for Editor in 0.00 ms.
Unloading 4587 Unused Serialized files (Serialized files now loaded: 0)
System memory in use before: 282.3 MB.
System memory in use after: 282.4 MB.

Unloading 17 unused Assets to reduce memory usage. Loaded Objects now: 5239.
Total: 7.795406 ms (FindLiveObjects: 1.038401 ms CreateObjectMapping: 0.612776 ms MarkObjects: 5.764804 ms  DeleteObjects: 0.376712 ms)

========================================================================
Received Import Request.
  Time since last request: 141.247363 seconds.
  path: Assets/Sprites/bat.png
  artifactKey: Guid(3de0fe2403d814132a4e1290f217f704) Importer(815301076,1909f56bfc062723c751e8b465ee728b)
Start importing Assets/Sprites/bat.png using Guid(3de0fe2403d814132a4e1290f217f704) Importer(815301076,1909f56bfc062723c751e8b465ee728b)  -> (artifact id: '4359060ae5fd65ba747ca5ae5d9ba163') in 0.147193 seconds 
========================================================================
Received Import Request.
  Time since last request: 1.675901 seconds.
  path: Assets/Sprites/bat.png
  artifactKey: Guid(3de0fe2403d814132a4e1290f217f704) Importer(815301076,1909f56bfc062723c751e8b465ee728b)
Start importing Assets/Sprites/bat.png using Guid(3de0fe2403d814132a4e1290f217f704) Importer(815301076,1909f56bfc062723c751e8b465ee728b)  -> (artifact id: '2def7e9f681bf92ec1c72b3c12715590') in 0.026405 seconds 
========================================================================
Received Import Request.
  Time since last request: 526.478634 seconds.
  path: Packages/com.unity.render-pipelines.universal/package.json
  artifactKey: Guid(30648b8d550465f4bb77f1e1afd0b37d) Importer(815301076,1909f56bfc062723c751e8b465ee728b)
Start importing Packages/com.unity.render-pipelines.universal/package.json using Guid(30648b8d550465f4bb77f1e1afd0b37d) Importer(815301076,1909f56bfc062723c751e8b465ee728b)  -> (artifact id: '85e747197701accc1a395fb4a875b35f') in 0.682735 seconds 
========================================================================
Received Import Request.
  Time since last request: 0.929780 seconds.
  path: Packages/com.unity.render-pipelines.universal/CHANGELOG.md
  artifactKey: Guid(16b5d2a7d862f49ffb9453600e8ee776) Importer(815301076,1909f56bfc062723c751e8b465ee728b)
Start importing Packages/com.unity.render-pipelines.universal/CHANGELOG.md using Guid(16b5d2a7d862f49ffb9453600e8ee776) Importer(815301076,1909f56bfc062723c751e8b465ee728b)  -> (artifact id: '71268dc4bd61b6b3a2ace4a797099f4d') in 0.909738 seconds 
========================================================================
Received Import Request.
  Time since last request: 1.836311 seconds.
  path: Packages/com.unity.render-pipelines.universal/Editor
  artifactKey: Guid(53c20613ce8ac478dba8507359e02516) Importer(815301076,1909f56bfc062723c751e8b465ee728b)
Start importing Packages/com.unity.render-pipelines.universal/Editor using Guid(53c20613ce8ac478dba8507359e02516) Importer(815301076,1909f56bfc062723c751e8b465ee728b)  -> (artifact id: 'f77a1fe23ea7a4135da78bf158b9dbc3') in 0.004407 seconds 
========================================================================
Received Import Request.
  Time since last request: 0.366814 seconds.
  path: Packages/com.unity.render-pipelines.universal/LICENSE.md
  artifactKey: Guid(eecaac92122b4407f8bf4998e8708aee) Importer(815301076,1909f56bfc062723c751e8b465ee728b)
Start importing Packages/com.unity.render-pipelines.universal/LICENSE.md using Guid(eecaac92122b4407f8bf4998e8708aee) Importer(815301076,1909f56bfc062723c751e8b465ee728b)  -> (artifact id: '6b59aa455082b22775aa448a37e613a0') in 0.015264 seconds 
========================================================================
Received Import Request.
  Time since last request: 12.148433 seconds.
  path: Packages/com.unity.render-pipelines.universal/ValidationConfig.json
  artifactKey: Guid(3f7d69b580ef4c288896687cfed86996) Importer(815301076,1909f56bfc062723c751e8b465ee728b)
Start importing Packages/com.unity.render-pipelines.universal/ValidationConfig.json using Guid(3f7d69b580ef4c288896687cfed86996) Importer(815301076,1909f56bfc062723c751e8b465ee728b)  -> (artifact id: '697bf863de5cb4dc805f56c61989388d') in 0.012480 seconds 
========================================================================
Received Import Request.
  Time since last request: 2.893675 seconds.
  path: Packages/com.unity.render-pipelines.universal/Runtime
  artifactKey: Guid(79e8584360be43649ad60cb0f180e904) Importer(815301076,1909f56bfc062723c751e8b465ee728b)
Start importing Packages/com.unity.render-pipelines.universal/Runtime using Guid(79e8584360be43649ad60cb0f180e904) Importer(815301076,1909f56bfc062723c751e8b465ee728b)  -> (artifact id: 'fa3792cfd5cb78dfcbbb61a3465d5905') in 0.003232 seconds 
========================================================================
Received Import Request.
  Time since last request: 0.658713 seconds.
  path: Packages/com.unity.render-pipelines.universal/ShaderLibrary
  artifactKey: Guid(2de5b472450204ae2853db2cb6a2540a) Importer(815301076,1909f56bfc062723c751e8b465ee728b)
Start importing Packages/com.unity.render-pipelines.universal/ShaderLibrary using Guid(2de5b472450204ae2853db2cb6a2540a) Importer(815301076,1909f56bfc062723c751e8b465ee728b)  -> (artifact id: 'c4d79e57c33c22eaf56eb4846a810dcc') in 0.002868 seconds 
========================================================================
Received Import Request.
  Time since last request: 1.105373 seconds.
  path: Packages/com.unity.render-pipelines.universal/Shaders
  artifactKey: Guid(248877dd7078443d6b51abf21ee7d52a) Importer(815301076,1909f56bfc062723c751e8b465ee728b)
Start importing Packages/com.unity.render-pipelines.universal/Shaders using Guid(248877dd7078443d6b51abf21ee7d52a) Importer(815301076,1909f56bfc062723c751e8b465ee728b)  -> (artifact id: '3b7a697168cf54701af126bf7b1117a5') in 0.003244 seconds 
========================================================================
Received Import Request.
  Time since last request: 0.495328 seconds.
  path: Packages/com.unity.render-pipelines.universal/Tests
  artifactKey: Guid(90821e75f62bb9e4ea9d6111201e1d90) Importer(815301076,1909f56bfc062723c751e8b465ee728b)
Start importing Packages/com.unity.render-pipelines.universal/Tests using Guid(90821e75f62bb9e4ea9d6111201e1d90) Importer(815301076,1909f56bfc062723c751e8b465ee728b)  -> (artifact id: '5fca6f62ddf7a3d2fad063da955d2dcf') in 0.002631 seconds 
========================================================================
Received Import Request.
  Time since last request: 0.682909 seconds.
  path: Packages/com.unity.render-pipelines.universal/Textures
  artifactKey: Guid(6970e3730c799f44ab472c8aa6c4b431) Importer(815301076,1909f56bfc062723c751e8b465ee728b)
Start importing Packages/com.unity.render-pipelines.universal/Textures using Guid(6970e3730c799f44ab472c8aa6c4b431) Importer(815301076,1909f56bfc062723c751e8b465ee728b)  -> (artifact id: 'f3ca903ca1b89df24c562ccd5fcea05c') in 0.002163 seconds 
========================================================================
Received Prepare
Registering precompiled user dll's ...
Registered in 0.005028 seconds.
Begin MonoManager ReloadAssembly
Symbol file LoadedFromMemory doesn't match image /Users/viviandu/Desktop/Unity Projects/Project2/Library/PackageCache/com.unity.visualscripting@1.6.1/Editor/VisualScripting.Core/Dependencies/YamlDotNet/Unity.VisualScripting.YamlDotNet.dll
Symbol file LoadedFromMemory doesn't match image /Users/viviandu/Desktop/Unity Projects/Project2/Library/PackageCache/com.unity.visualscripting@1.6.1/Editor/VisualScripting.Core/Dependencies/DotNetZip/Unity.VisualScripting.IonicZip.dll
Native extension for OSXStandalone target not found
Refreshing native plugins compatible for Editor in 1.49 ms, found 2 plugins.
Preloading 0 native plugins for Editor in 0.00 ms.
Mono: successfully reloaded assembly
- Completed reload, in  3.677 seconds
Platform modules already initialized, skipping
Shader 'Universal Render Pipeline/Particles/Lit': fallback shader 'Universal Render Pipeline/Particles/SimpleLit' not found
Refreshing native plugins compatible for Editor in 1.23 ms, found 2 plugins.
Preloading 0 native plugins for Editor in 0.00 ms.
Unloading 4586 Unused Serialized files (Serialized files now loaded: 0)
System memory in use before: 291.9 MB.
System memory in use after: 292.1 MB.

Unloading 17 unused Assets to reduce memory usage. Loaded Objects now: 5284.
Total: 9.296725 ms (FindLiveObjects: 1.141030 ms CreateObjectMapping: 0.638067 ms MarkObjects: 7.219110 ms  DeleteObjects: 0.296218 ms)

