Using pre-set license

 COMMAND LINE ARGUMENTS:
/Applications/Unity/Unity.app/Contents/MacOS/Unity
-adb2
-batchMode
-noUpm
-name
AssetImportWorker0
-projectPath
/Users/viviandu/Desktop/Unity Projects/Project2
-logFile
Logs/AssetImportWorker0.log
-srvPort
49969
Successfully changed project path to: /Users/viviandu/Desktop/Unity Projects/Project2
/Users/viviandu/Desktop/Unity Projects/Project2
Using Asset Import Pipeline V2.
Refreshing native plugins compatible for Editor in 223.51 ms, found 2 plugins.
Preloading 0 native plugins for Editor in 0.00 ms.
Initialize engine version: 2021.1.7f1 (d91830b65d9b)
[Subsystems] Discovering subsystems at path /Applications/Unity/Unity.app/Contents/Resources/UnitySubsystems
[Subsystems] Discovering subsystems at path /Users/viviandu/Desktop/Unity Projects/Project2/Assets
GfxDevice: creating device client; threaded=0; jobified=0
2022-02-17 13:38:09.871 Unity[96956:1925171] Color LCD preferred device: Intel(R) UHD Graphics 617 (low power)
2022-02-17 13:38:09.871 Unity[96956:1925171] Metal devices available: 1
2022-02-17 13:38:09.871 Unity[96956:1925171] 0: Intel(R) UHD Graphics 617 (low power)
2022-02-17 13:38:09.872 Unity[96956:1925171] Using device Intel(R) UHD Graphics 617 (low power)
Initializing Metal device caps: Intel(R) UHD Graphics 617
Shader 'Universal Render Pipeline/Particles/Lit': fallback shader 'Universal Render Pipeline/Particles/SimpleLit' not found
Initialize mono
Mono path[0] = '/Applications/Unity/Unity.app/Contents/Managed'
Mono path[1] = '/Applications/Unity/Unity.app/Contents/MonoBleedingEdge/lib/mono/unityjit'
Mono config path = '/Applications/Unity/Unity.app/Contents/MonoBleedingEdge/etc'
Using monoOptions --debugger-agent=transport=dt_socket,embedding=1,server=y,suspend=n,address=127.0.0.1:56956
Begin MonoManager ReloadAssembly
Registering precompiled unity dll's ...
Register platform support module: /Applications/Unity/Unity.app/Contents/PlaybackEngines/MacStandaloneSupport/UnityEditor.OSXStandalone.Extensions.dll
Registered in 0.002533 seconds.
Native extension for OSXStandalone target not found
Refreshing native plugins compatible for Editor in 327.52 ms, found 2 plugins.
Preloading 0 native plugins for Editor in 0.00 ms.
Mono: successfully reloaded assembly
- Completed reload, in  5.894 seconds
Platform modules already initialized, skipping
Registering precompiled user dll's ...
Registered in 0.010978 seconds.
Begin MonoManager ReloadAssembly
Symbol file LoadedFromMemory doesn't match image /Users/viviandu/Desktop/Unity Projects/Project2/Library/PackageCache/com.unity.visualscripting@1.6.1/Editor/VisualScripting.Core/Dependencies/YamlDotNet/Unity.VisualScripting.YamlDotNet.dll
Symbol file LoadedFromMemory doesn't match image /Users/viviandu/Desktop/Unity Projects/Project2/Library/PackageCache/com.unity.visualscripting@1.6.1/Editor/VisualScripting.Core/Dependencies/DotNetZip/Unity.VisualScripting.IonicZip.dll
Native extension for OSXStandalone target not found
Refreshing native plugins compatible for Editor in 218.11 ms, found 2 plugins.
Preloading 0 native plugins for Editor in 0.00 ms.
Mono: successfully reloaded assembly
- Completed reload, in  2.944 seconds
Platform modules already initialized, skipping
========================================================================
Worker process is ready to serve import requests
Shader 'Universal Render Pipeline/Particles/Lit': fallback shader 'Universal Render Pipeline/Particles/SimpleLit' not found
Launching external process: /Applications/Unity/Unity.app/Contents/Tools/UnityShaderCompiler
Launched and connected shader compiler UnityShaderCompiler after 0.04 seconds
Refreshing native plugins compatible for Editor in 1.59 ms, found 2 plugins.
Preloading 0 native plugins for Editor in 0.00 ms.
Unloading 4714 Unused Serialized files (Serialized files now loaded: 0)
System memory in use before: 270.6 MB.
System memory in use after: 270.7 MB.

Unloading 41 unused Assets to reduce memory usage. Loaded Objects now: 5168.
Total: 6.141311 ms (FindLiveObjects: 0.824916 ms CreateObjectMapping: 0.725223 ms MarkObjects: 4.278043 ms  DeleteObjects: 0.311273 ms)

========================================================================
Received Import Request.
  path: Assets/Scenes/SampleScene.unity
  artifactKey: Guid(2cda990e2423bbf4892e6590ba056729) Importer(815301076,1909f56bfc062723c751e8b465ee728b)
Start importing Assets/Scenes/SampleScene.unity using Guid(2cda990e2423bbf4892e6590ba056729) Importer(815301076,1909f56bfc062723c751e8b465ee728b)  -> (artifact id: '61a0c85836c41f8f00014e72dbaea11a') in 0.024114 seconds 
========================================================================
Received Import Request.
  Time since last request: 180.391304 seconds.
  path: ProjectSettings/TagManager.asset
  artifactKey: Guid(00000000000000003000000000000000) Importer(815301076,1909f56bfc062723c751e8b465ee728b)
Start importing ProjectSettings/TagManager.asset using Guid(00000000000000003000000000000000) Importer(815301076,1909f56bfc062723c751e8b465ee728b)  -> (artifact id: '537a480093bd790a22be980d1eeceb70') in 1.870375 seconds 
========================================================================
Received Prepare
Registering precompiled user dll's ...
Registered in 0.007427 seconds.
Begin MonoManager ReloadAssembly
Symbol file LoadedFromMemory doesn't match image /Users/viviandu/Desktop/Unity Projects/Project2/Library/PackageCache/com.unity.visualscripting@1.6.1/Editor/VisualScripting.Core/Dependencies/YamlDotNet/Unity.VisualScripting.YamlDotNet.dll
Symbol file LoadedFromMemory doesn't match image /Users/viviandu/Desktop/Unity Projects/Project2/Library/PackageCache/com.unity.visualscripting@1.6.1/Editor/VisualScripting.Core/Dependencies/DotNetZip/Unity.VisualScripting.IonicZip.dll
Native extension for OSXStandalone target not found
Refreshing native plugins compatible for Editor in 1.46 ms, found 2 plugins.
Preloading 0 native plugins for Editor in 0.00 ms.
Mono: successfully reloaded assembly
- Completed reload, in  2.381 seconds
Platform modules already initialized, skipping
Shader 'Universal Render Pipeline/Particles/Lit': fallback shader 'Universal Render Pipeline/Particles/SimpleLit' not found
Refreshing native plugins compatible for Editor in 2.39 ms, found 2 plugins.
Preloading 0 native plugins for Editor in 0.00 ms.
Unloading 4589 Unused Serialized files (Serialized files now loaded: 0)
System memory in use before: 267.0 MB.
System memory in use after: 267.2 MB.

Unloading 18 unused Assets to reduce memory usage. Loaded Objects now: 5184.
Total: 10.072312 ms (FindLiveObjects: 1.009303 ms CreateObjectMapping: 0.962558 ms MarkObjects: 7.865615 ms  DeleteObjects: 0.232328 ms)

========================================================================
Received Prepare
Registering precompiled user dll's ...
Registered in 0.011156 seconds.
Begin MonoManager ReloadAssembly
Symbol file LoadedFromMemory doesn't match image /Users/viviandu/Desktop/Unity Projects/Project2/Library/PackageCache/com.unity.visualscripting@1.6.1/Editor/VisualScripting.Core/Dependencies/YamlDotNet/Unity.VisualScripting.YamlDotNet.dll
Symbol file LoadedFromMemory doesn't match image /Users/viviandu/Desktop/Unity Projects/Project2/Library/PackageCache/com.unity.visualscripting@1.6.1/Editor/VisualScripting.Core/Dependencies/DotNetZip/Unity.VisualScripting.IonicZip.dll
Native extension for OSXStandalone target not found
Refreshing native plugins compatible for Editor in 1.66 ms, found 2 plugins.
Preloading 0 native plugins for Editor in 0.00 ms.
Mono: successfully reloaded assembly
- Completed reload, in  3.689 seconds
Platform modules already initialized, skipping
Shader 'Universal Render Pipeline/Particles/Lit': fallback shader 'Universal Render Pipeline/Particles/SimpleLit' not found
Refreshing native plugins compatible for Editor in 1.97 ms, found 2 plugins.
Preloading 0 native plugins for Editor in 0.00 ms.
Unloading 4589 Unused Serialized files (Serialized files now loaded: 0)
System memory in use before: 267.4 MB.
System memory in use after: 267.6 MB.

Unloading 17 unused Assets to reduce memory usage. Loaded Objects now: 5200.
Total: 7.730856 ms (FindLiveObjects: 0.817515 ms CreateObjectMapping: 0.568688 ms MarkObjects: 6.119882 ms  DeleteObjects: 0.222347 ms)

========================================================================
Received Import Request.
  Time since last request: 452.499484 seconds.
  path: Assets/Sprites/Rock_Sprite.png
  artifactKey: Guid(0a155a0b2a9e54fd3b1df002a773cab6) Importer(815301076,1909f56bfc062723c751e8b465ee728b)
Start importing Assets/Sprites/Rock_Sprite.png using Guid(0a155a0b2a9e54fd3b1df002a773cab6) Importer(815301076,1909f56bfc062723c751e8b465ee728b)  -> (artifact id: '0d405656e78febf6c9b4ad872c869043') in 3.348879 seconds 
========================================================================
Received Import Request.
  Time since last request: 1.606198 seconds.
  path: Assets/TileDetection.cs
  artifactKey: Guid(e7b55f7a153204d9c877e696ac79c05f) Importer(815301076,1909f56bfc062723c751e8b465ee728b)
Start importing Assets/TileDetection.cs using Guid(e7b55f7a153204d9c877e696ac79c05f) Importer(815301076,1909f56bfc062723c751e8b465ee728b)  -> (artifact id: 'cb1b4e068a015b63280108787f559d52') in 0.651854 seconds 
========================================================================
Received Prepare
Registering precompiled user dll's ...
Registered in 0.004365 seconds.
Begin MonoManager ReloadAssembly
Symbol file LoadedFromMemory doesn't match image /Users/viviandu/Desktop/Unity Projects/Project2/Library/PackageCache/com.unity.visualscripting@1.6.1/Editor/VisualScripting.Core/Dependencies/YamlDotNet/Unity.VisualScripting.YamlDotNet.dll
Symbol file LoadedFromMemory doesn't match image /Users/viviandu/Desktop/Unity Projects/Project2/Library/PackageCache/com.unity.visualscripting@1.6.1/Editor/VisualScripting.Core/Dependencies/DotNetZip/Unity.VisualScripting.IonicZip.dll
Native extension for OSXStandalone target not found
Refreshing native plugins compatible for Editor in 1.77 ms, found 2 plugins.
Preloading 0 native plugins for Editor in 0.00 ms.
Mono: successfully reloaded assembly
- Completed reload, in  3.173 seconds
Platform modules already initialized, skipping
Shader 'Universal Render Pipeline/Particles/Lit': fallback shader 'Universal Render Pipeline/Particles/SimpleLit' not found
Refreshing native plugins compatible for Editor in 1.11 ms, found 2 plugins.
Preloading 0 native plugins for Editor in 0.00 ms.
Unloading 4591 Unused Serialized files (Serialized files now loaded: 0)
System memory in use before: 281.0 MB.
System memory in use after: 281.1 MB.

Unloading 17 unused Assets to reduce memory usage. Loaded Objects now: 5238.
Total: 8.785495 ms (FindLiveObjects: 0.858172 ms CreateObjectMapping: 0.704408 ms MarkObjects: 6.987938 ms  DeleteObjects: 0.232185 ms)

========================================================================
Received Prepare
Registering precompiled user dll's ...
Registered in 0.007674 seconds.
Begin MonoManager ReloadAssembly
Symbol file LoadedFromMemory doesn't match image /Users/viviandu/Desktop/Unity Projects/Project2/Library/PackageCache/com.unity.visualscripting@1.6.1/Editor/VisualScripting.Core/Dependencies/YamlDotNet/Unity.VisualScripting.YamlDotNet.dll
Symbol file LoadedFromMemory doesn't match image /Users/viviandu/Desktop/Unity Projects/Project2/Library/PackageCache/com.unity.visualscripting@1.6.1/Editor/VisualScripting.Core/Dependencies/DotNetZip/Unity.VisualScripting.IonicZip.dll
Native extension for OSXStandalone target not found
Refreshing native plugins compatible for Editor in 2.81 ms, found 2 plugins.
Preloading 0 native plugins for Editor in 0.00 ms.
Mono: successfully reloaded assembly
- Completed reload, in  3.901 seconds
Platform modules already initialized, skipping
Shader 'Universal Render Pipeline/Particles/Lit': fallback shader 'Universal Render Pipeline/Particles/SimpleLit' not found
Refreshing native plugins compatible for Editor in 1.46 ms, found 2 plugins.
Preloading 0 native plugins for Editor in 0.00 ms.
Unloading 4589 Unused Serialized files (Serialized files now loaded: 0)
System memory in use before: 281.3 MB.
System memory in use after: 281.4 MB.

Unloading 18 unused Assets to reduce memory usage. Loaded Objects now: 5253.
Total: 8.956128 ms (FindLiveObjects: 0.925424 ms CreateObjectMapping: 0.774051 ms MarkObjects: 7.072846 ms  DeleteObjects: 0.181892 ms)

========================================================================
Received Import Request.
  Time since last request: 173.468721 seconds.
  path: ProjectSettings/TagManager.asset
  artifactKey: Guid(00000000000000003000000000000000) Importer(815301076,1909f56bfc062723c751e8b465ee728b)
Start importing ProjectSettings/TagManager.asset using Guid(00000000000000003000000000000000) Importer(815301076,1909f56bfc062723c751e8b465ee728b)  -> (artifact id: '45b9654ea69a9b1b895ca2fbaf7f9179') in 0.113884 seconds 
========================================================================
Received Import Request.
  Time since last request: 232.624450 seconds.
  path: ProjectSettings/TagManager.asset
  artifactKey: Guid(00000000000000003000000000000000) Importer(815301076,1909f56bfc062723c751e8b465ee728b)
Start importing ProjectSettings/TagManager.asset using Guid(00000000000000003000000000000000) Importer(815301076,1909f56bfc062723c751e8b465ee728b)  -> (artifact id: '437a17032b059b682aebc606c7b3ba8e') in 0.052783 seconds 
========================================================================
Received Prepare
Registering precompiled user dll's ...
Registered in 0.008718 seconds.
Begin MonoManager ReloadAssembly
Symbol file LoadedFromMemory doesn't match image /Users/viviandu/Desktop/Unity Projects/Project2/Library/PackageCache/com.unity.visualscripting@1.6.1/Editor/VisualScripting.Core/Dependencies/YamlDotNet/Unity.VisualScripting.YamlDotNet.dll
Symbol file LoadedFromMemory doesn't match image /Users/viviandu/Desktop/Unity Projects/Project2/Library/PackageCache/com.unity.visualscripting@1.6.1/Editor/VisualScripting.Core/Dependencies/DotNetZip/Unity.VisualScripting.IonicZip.dll
Native extension for OSXStandalone target not found
Refreshing native plugins compatible for Editor in 1.76 ms, found 2 plugins.
Preloading 0 native plugins for Editor in 0.00 ms.
Mono: successfully reloaded assembly
- Completed reload, in  4.109 seconds
Platform modules already initialized, skipping
Shader 'Universal Render Pipeline/Particles/Lit': fallback shader 'Universal Render Pipeline/Particles/SimpleLit' not found
Refreshing native plugins compatible for Editor in 1.36 ms, found 2 plugins.
Preloading 0 native plugins for Editor in 0.00 ms.
Unloading 4589 Unused Serialized files (Serialized files now loaded: 0)
System memory in use before: 281.7 MB.
System memory in use after: 281.8 MB.

Unloading 19 unused Assets to reduce memory usage. Loaded Objects now: 5269.
Total: 9.651682 ms (FindLiveObjects: 0.945613 ms CreateObjectMapping: 0.980504 ms MarkObjects: 7.456178 ms  DeleteObjects: 0.267112 ms)

========================================================================
Received Prepare
Registering precompiled user dll's ...
Registered in 0.010076 seconds.
Begin MonoManager ReloadAssembly
Symbol file LoadedFromMemory doesn't match image /Users/viviandu/Desktop/Unity Projects/Project2/Library/PackageCache/com.unity.visualscripting@1.6.1/Editor/VisualScripting.Core/Dependencies/YamlDotNet/Unity.VisualScripting.YamlDotNet.dll
Symbol file LoadedFromMemory doesn't match image /Users/viviandu/Desktop/Unity Projects/Project2/Library/PackageCache/com.unity.visualscripting@1.6.1/Editor/VisualScripting.Core/Dependencies/DotNetZip/Unity.VisualScripting.IonicZip.dll
Native extension for OSXStandalone target not found
Refreshing native plugins compatible for Editor in 2.03 ms, found 2 plugins.
Preloading 0 native plugins for Editor in 0.00 ms.
Mono: successfully reloaded assembly
- Completed reload, in  2.535 seconds
Platform modules already initialized, skipping
Shader 'Universal Render Pipeline/Particles/Lit': fallback shader 'Universal Render Pipeline/Particles/SimpleLit' not found
Refreshing native plugins compatible for Editor in 1.28 ms, found 2 plugins.
Preloading 0 native plugins for Editor in 0.00 ms.
Unloading 4589 Unused Serialized files (Serialized files now loaded: 0)
System memory in use before: 282.0 MB.
System memory in use after: 282.2 MB.

Unloading 17 unused Assets to reduce memory usage. Loaded Objects now: 5285.
Total: 4.215849 ms (FindLiveObjects: 0.576160 ms CreateObjectMapping: 0.397316 ms MarkObjects: 3.114933 ms  DeleteObjects: 0.126167 ms)

========================================================================
Received Prepare
Registering precompiled user dll's ...
Registered in 0.011184 seconds.
Begin MonoManager ReloadAssembly
Symbol file LoadedFromMemory doesn't match image /Users/viviandu/Desktop/Unity Projects/Project2/Library/PackageCache/com.unity.visualscripting@1.6.1/Editor/VisualScripting.Core/Dependencies/YamlDotNet/Unity.VisualScripting.YamlDotNet.dll
Symbol file LoadedFromMemory doesn't match image /Users/viviandu/Desktop/Unity Projects/Project2/Library/PackageCache/com.unity.visualscripting@1.6.1/Editor/VisualScripting.Core/Dependencies/DotNetZip/Unity.VisualScripting.IonicZip.dll
Native extension for OSXStandalone target not found
Refreshing native plugins compatible for Editor in 2.04 ms, found 2 plugins.
Preloading 0 native plugins for Editor in 0.00 ms.
Mono: successfully reloaded assembly
- Completed reload, in  4.776 seconds
Platform modules already initialized, skipping
Shader 'Universal Render Pipeline/Particles/Lit': fallback shader 'Universal Render Pipeline/Particles/SimpleLit' not found
Refreshing native plugins compatible for Editor in 1.18 ms, found 2 plugins.
Preloading 0 native plugins for Editor in 0.00 ms.
Unloading 4589 Unused Serialized files (Serialized files now loaded: 0)
System memory in use before: 282.4 MB.
System memory in use after: 282.5 MB.

Unloading 17 unused Assets to reduce memory usage. Loaded Objects now: 5301.
Total: 4.920490 ms (FindLiveObjects: 0.563363 ms CreateObjectMapping: 0.396683 ms MarkObjects: 3.796854 ms  DeleteObjects: 0.162270 ms)

